[debug] [2024-10-11T22:19:33.147Z] ----------------------------------------------------------------------
[debug] [2024-10-11T22:19:33.154Z] Command:       C:\Program Files\nodejs\node.exe C:\Users\lucas\AppData\Roaming\npm\node_modules\firebase-tools\lib\bin\firebase.js init
[debug] [2024-10-11T22:19:33.155Z] CLI Version:   13.22.0
[debug] [2024-10-11T22:19:33.155Z] Platform:      win32
[debug] [2024-10-11T22:19:33.156Z] Node Version:  v20.16.0
[debug] [2024-10-11T22:19:33.156Z] Time:          Fri Oct 11 2024 19:19:33 GMT-0300 (Horário Padrão de Brasília)
[debug] [2024-10-11T22:19:33.156Z] ----------------------------------------------------------------------
[debug] 
[debug] [2024-10-11T22:19:33.172Z] > command requires scopes: ["email","openid","https://www.googleapis.com/auth/cloudplatformprojects.readonly","https://www.googleapis.com/auth/firebase","https://www.googleapis.com/auth/cloud-platform"]
[debug] [2024-10-11T22:19:33.173Z] > authorizing via signed-in user (josemarin.nj@gmail.com)
[info] 
     ######## #### ########  ######## ########     ###     ######  ########
     ##        ##  ##     ## ##       ##     ##  ##   ##  ##       ##
     ######    ##  ########  ######   ########  #########  ######  ######
     ##        ##  ##    ##  ##       ##     ## ##     ##       ## ##
     ##       #### ##     ## ######## ########  ##     ##  ######  ########

You're about to initialize a Firebase project in this directory:

  C:\Users\lucas\OneDrive\Área de Trabalho\programação\representantes

[info] 
=== Project Setup
[info] 
[info] First, let's associate this project directory with a Firebase project.
[info] You can create multiple project aliases by running firebase use --add, 
[info] but for now we'll just set up a default project.
[info] 
[debug] [2024-10-11T22:19:40.323Z] Checked if tokens are valid: false, expires at: 1726869432685
[debug] [2024-10-11T22:19:40.324Z] Checked if tokens are valid: false, expires at: 1726869432685
[debug] [2024-10-11T22:19:40.327Z] > refreshing access token with scopes: []
[debug] [2024-10-11T22:19:40.345Z] >>> [apiv2][query] POST https://www.googleapis.com/oauth2/v3/token [none]
[debug] [2024-10-11T22:19:40.346Z] >>> [apiv2][body] POST https://www.googleapis.com/oauth2/v3/token [omitted]
[debug] [2024-10-11T22:19:41.073Z] <<< [apiv2][status] POST https://www.googleapis.com/oauth2/v3/token 200
[debug] [2024-10-11T22:19:41.074Z] <<< [apiv2][body] POST https://www.googleapis.com/oauth2/v3/token [omitted]
[debug] [2024-10-11T22:19:41.161Z] >>> [apiv2][query] GET https://firebase.googleapis.com/v1beta1/projects pageSize=100
[debug] [2024-10-11T22:19:41.950Z] <<< [apiv2][status] GET https://firebase.googleapis.com/v1beta1/projects 200
[debug] [2024-10-11T22:19:41.951Z] <<< [apiv2][body] GET https://firebase.googleapis.com/v1beta1/projects [omitted]
[info] i  Using project esddsa-9b73f (representantes) 
[info] 
=== Hosting Setup
[debug] [2024-10-11T22:19:48.353Z] Checked if tokens are valid: true, expires at: 1728688780075
[debug] [2024-10-11T22:19:48.353Z] Checked if tokens are valid: true, expires at: 1728688780075
[debug] [2024-10-11T22:19:48.354Z] >>> [apiv2][query] GET https://firebase.googleapis.com/v1beta1/projects/esddsa-9b73f [none]
[debug] [2024-10-11T22:19:48.763Z] <<< [apiv2][status] GET https://firebase.googleapis.com/v1beta1/projects/esddsa-9b73f 200
[debug] [2024-10-11T22:19:48.764Z] <<< [apiv2][body] GET https://firebase.googleapis.com/v1beta1/projects/esddsa-9b73f {"projectId":"esddsa-9b73f","projectNumber":"237418952379","displayName":"representantes","name":"projects/esddsa-9b73f","resources":{"hostingSite":"esddsa-9b73f","realtimeDatabaseInstance":"esddsa-9b73f-default-rtdb"},"state":"ACTIVE","etag":"1_9ab8e80c-d786-44a3-ac80-2fdf3cb215d5"}
[info] 
[info] Your public directory is the folder (relative to your project directory) that
[info] will contain Hosting assets to be uploaded with firebase deploy. If you
[info] have a build process for your assets, use your build's output directory.
[info] 
[debug] [2024-10-11T22:19:57.478Z] >>> [apiv2][query] GET https://www.gstatic.com/firebasejs/releases.json [none]
[debug] [2024-10-11T22:19:57.818Z] <<< [apiv2][status] GET https://www.gstatic.com/firebasejs/releases.json 200
[debug] [2024-10-11T22:19:57.821Z] <<< [apiv2][body] GET https://www.gstatic.com/firebasejs/releases.json {"current":{"version":"10.14.1","browserURL":"https://www.gstatic.com/firebasejs/10.14.1/firebase.js","packageURL":"https://www.gstatic.com/firebasejs/10.14.1/firebase.tgz"},"live":{"version":"10.14","browserURL":"https://www.gstatic.com/firebasejs/live/10.14/firebase.js","packageURL":"https://www.gstatic.com/firebasejs/live/10.14/firebase.tgz"},"components":{"analytics":"https://www.gstatic.com/firebasejs/10.14.1/firebase-analytics.js","app":"https://www.gstatic.com/firebasejs/10.14.1/firebase-app.js","app-check":"https://www.gstatic.com/firebasejs/10.14.1/firebase-app-check.js","auth":"https://www.gstatic.com/firebasejs/10.14.1/firebase-auth.js","auth/cordova":"https://www.gstatic.com/firebasejs/10.14.1/firebase-auth/cordova.js","auth/web-extension":"https://www.gstatic.com/firebasejs/10.14.1/firebase-auth/web-extension.js","functions":"https://www.gstatic.com/firebasejs/10.14.1/firebase-functions.js","firestore":"https://www.gstatic.com/firebasejs/10.14.1/firebase-firestore.js","firestore/lite":"https://www.gstatic.com/firebasejs/10.14.1/firebase-firestore/lite.js","installations":"https://www.gstatic.com/firebasejs/10.14.1/firebase-installations.js","storage":"https://www.gstatic.com/firebasejs/10.14.1/firebase-storage.js","performance":"https://www.gstatic.com/firebasejs/10.14.1/firebase-performance.js","remote-config":"https://www.gstatic.com/firebasejs/10.14.1/firebase-remote-config.js","messaging":"https://www.gstatic.com/firebasejs/10.14.1/firebase-messaging.js","messaging/sw":"https://www.gstatic.com/firebasejs/10.14.1/firebase-messaging/sw.js","database":"https://www.gstatic.com/firebasejs/10.14.1/firebase-database.js","data-connect":"https://www.gstatic.com/firebasejs/10.14.1/firebase-data-connect.js","vertexai-preview":"https://www.gstatic.com/firebasejs/10.14.1/firebase-vertexai-preview.js","firestore.memory":"https://www.gstatic.com/firebasejs/10.14.1/firebase-firestore.memory.js"}}
[info] +  Wrote public/index.html 
[info] 
[info] i  Didn't detect a .git folder. Assuming C:\Users\lucas\OneDrive\Área de Trabalho\programação\representantes is the project root. 
[info] i  Authorizing with GitHub to upload your service account to a GitHub repository's secrets store. 
[info] 
[info] Visit this URL on this device to log in:
[info] https://github.com/login/oauth/authorize?client_id=89cf50f02ac6aaed3484&state=891451607&redirect_uri=http%3A%2F%2Flocalhost%3A9005&scope=read%3Auser%20repo%20public_repo
[info] 
[info] Waiting for authentication...
[debug] [2024-10-11T22:20:01.088Z] >>> [apiv2][query] POST https://github.com/login/oauth/access_token [none]
[debug] [2024-10-11T22:20:01.089Z] >>> [apiv2][body] POST https://github.com/login/oauth/access_token [stream]
[debug] [2024-10-11T22:20:01.358Z] <<< [apiv2][status] POST https://github.com/login/oauth/access_token 200
[debug] [2024-10-11T22:20:01.359Z] <<< [apiv2][body] POST https://github.com/login/oauth/access_token {"access_token":"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","token_type":"bearer","scope":"read:user,repo"}
[debug] [2024-10-11T22:20:01.382Z] >>> [apiv2][query] GET https://api.github.com/user [none]
[debug] [2024-10-11T22:20:01.686Z] <<< [apiv2][status] GET https://api.github.com/user 200
[debug] [2024-10-11T22:20:01.686Z] <<< [apiv2][body] GET https://api.github.com/user {"login":"maarinlucas","id":166765269,"node_id":"U_kgDOCfCi1Q","avatar_url":"https://avatars.githubusercontent.com/u/166765269?v=4","gravatar_id":"","url":"https://api.github.com/users/maarinlucas","html_url":"https://github.com/maarinlucas","followers_url":"https://api.github.com/users/maarinlucas/followers","following_url":"https://api.github.com/users/maarinlucas/following{/other_user}","gists_url":"https://api.github.com/users/maarinlucas/gists{/gist_id}","starred_url":"https://api.github.com/users/maarinlucas/starred{/owner}{/repo}","subscriptions_url":"https://api.github.com/users/maarinlucas/subscriptions","organizations_url":"https://api.github.com/users/maarinlucas/orgs","repos_url":"https://api.github.com/users/maarinlucas/repos","events_url":"https://api.github.com/users/maarinlucas/events{/privacy}","received_events_url":"https://api.github.com/users/maarinlucas/received_events","type":"User","site_admin":false,"name":null,"company":null,"blog":"","location":null,"email":null,"hireable":null,"bio":null,"twitter_username":null,"notification_email":null,"public_repos":5,"public_gists":0,"followers":0,"following":0,"created_at":"2024-04-11T22:11:52Z","updated_at":"2024-10-02T14:06:16Z","private_gists":0,"total_private_repos":0,"owned_private_repos":0,"disk_usage":5253,"collaborators":0,"two_factor_authentication":true,"plan":{"name":"free","space":976562499,"collaborators":0,"private_repos":10000}}
[info] 
[info] +  Success! Logged into GitHub as maarinlucas 
[info] 
